Dataset/Mutants/Threema-Mut/app/build/intermediates/manifest_merge_blame_file/hmsDebug/manifest-merger-blame-hms-debug-report.txt
1<?xml version="1.0" encoding="utf-8"?>
2<manifest xmlns:android="http://schemas.android.com/apk/res/android"
3    package="ch.threema.app.hms"
4    android:installLocation="internalOnly"
5    android:testOnly="false"
6    android:versionCode="688"
7    android:versionName="4.56" >
8
9    <uses-sdk
9-->src/main/AndroidManifest.xml:125:2-126:87
10        android:minSdkVersion="19"
11        android:targetSdkVersion="29" />
12
13    <uses-permission android:name="android.permission.REQUEST_IGNORE_BATTERY_OPTIMIZATIONS" />
13-->src/hms/AndroidManifest.xml:6:2-91
13-->src/hms/AndroidManifest.xml:6:19-89
14
15    <supports-screens
15-->src/main/AndroidManifest.xml:9:2-15:33
16        android:anyDensity="true"
16-->src/main/AndroidManifest.xml:10:3-28
17        android:largeScreens="true"
17-->src/main/AndroidManifest.xml:11:3-30
18        android:normalScreens="true"
18-->src/main/AndroidManifest.xml:12:3-31
19        android:resizeable="true"
19-->src/main/AndroidManifest.xml:13:3-28
20        android:smallScreens="true"
20-->src/main/AndroidManifest.xml:14:3-30
21        android:xlargeScreens="true" />
21-->src/main/AndroidManifest.xml:15:3-31
22
23    <uses-feature
23-->src/main/AndroidManifest.xml:17:2-19:28
24        android:glEsVersion="0x00020000"
24-->src/main/AndroidManifest.xml:18:3-35
25        android:required="true" /> <!-- DANGEROUS PERMISSIONS -->
25-->src/main/AndroidManifest.xml:19:3-26
26    <!-- android.permission-group.CONTACTS -->
27    <uses-permission android:name="android.permission.READ_CONTACTS" />
27-->src/main/AndroidManifest.xml:23:2-68
27-->src/main/AndroidManifest.xml:23:19-66
28    <uses-permission android:name="android.permission.WRITE_CONTACTS" />
28-->src/main/AndroidManifest.xml:24:2-69
28-->src/main/AndroidManifest.xml:24:19-67
29    <uses-permission android:name="android.permission.GET_ACCOUNTS" /> <!-- android.permission-group.STORAGE -->
29-->src/main/AndroidManifest.xml:25:2-67
29-->src/main/AndroidManifest.xml:25:19-65
30    <uses-permission android:name="android.permission.WRITE_EXTERNAL_STORAGE" />
30-->src/main/AndroidManifest.xml:28:2-77
30-->src/main/AndroidManifest.xml:28:19-75
31    <uses-permission android:name="android.permission.READ_EXTERNAL_STORAGE" /> <!-- android.permission-group.LOCATION -->
31-->src/main/AndroidManifest.xml:29:2-76
31-->src/main/AndroidManifest.xml:29:19-74
32    <uses-permission android:name="android.permission.ACCESS_FINE_LOCATION" />
32-->src/main/AndroidManifest.xml:32:2-75
32-->src/main/AndroidManifest.xml:32:19-73
33    <uses-permission android:name="android.permission.ACCESS_COARSE_LOCATION" /> <!-- android.permission-group.MICROPHONE -->
33-->src/main/AndroidManifest.xml:33:2-77
33-->src/main/AndroidManifest.xml:33:19-75
34    <uses-permission android:name="android.permission.RECORD_AUDIO" /> <!-- android.permission-group.PHONE -->
34-->src/main/AndroidManifest.xml:36:2-67
34-->src/main/AndroidManifest.xml:36:19-65
35    <!-- Required to detect and hangup incoming regular calls -->
36    <uses-permission android:name="android.permission.READ_PHONE_STATE" />
36-->src/main/AndroidManifest.xml:40:2-71
36-->src/main/AndroidManifest.xml:40:19-69
37    <uses-permission android:name="android.permission.CALL_PHONE" />
37-->src/main/AndroidManifest.xml:41:2-65
37-->src/main/AndroidManifest.xml:41:19-63
38    <uses-permission android:name="android.permission.ANSWER_PHONE_CALLS" /> <!-- android.permission-group.CAMERA -->
38-->src/main/AndroidManifest.xml:42:2-73
38-->src/main/AndroidManifest.xml:42:19-71
39    <uses-permission android:name="android.permission.CAMERA" /> <!-- PROTECTION_NORMAL - granted automatically -->
39-->src/main/AndroidManifest.xml:45:2-62
39-->src/main/AndroidManifest.xml:45:19-59
40    <uses-permission android:name="android.permission.INTERNET" />
40-->src/main/AndroidManifest.xml:48:2-63
40-->src/main/AndroidManifest.xml:48:19-61
41    <uses-permission android:name="android.permission.ACCESS_NETWORK_STATE" />
41-->src/main/AndroidManifest.xml:49:2-76
41-->src/main/AndroidManifest.xml:49:19-73
42    <uses-permission android:name="android.permission.READ_SYNC_SETTINGS" />
42-->src/main/AndroidManifest.xml:50:2-73
42-->src/main/AndroidManifest.xml:50:19-71
43    <uses-permission android:name="android.permission.WRITE_SYNC_SETTINGS" />
43-->src/main/AndroidManifest.xml:51:2-74
43-->src/main/AndroidManifest.xml:51:19-72
44    <uses-permission android:name="android.permission.VIBRATE" />
44-->src/main/AndroidManifest.xml:52:2-62
44-->src/main/AndroidManifest.xml:52:19-60
45    <uses-permission android:name="android.permission.WAKE_LOCK" />
45-->src/main/AndroidManifest.xml:53:2-64
45-->src/main/AndroidManifest.xml:53:19-62
46    <uses-permission android:name="android.permission.RECEIVE_BOOT_COMPLETED" />
46-->src/main/AndroidManifest.xml:54:2-77
46-->src/main/AndroidManifest.xml:54:19-75
47    <uses-permission android:name="android.permission.FOREGROUND_SERVICE" />
47-->src/main/AndroidManifest.xml:55:2-73
47-->src/main/AndroidManifest.xml:55:19-71
48    <uses-permission android:name="android.permission.USE_FULL_SCREEN_INTENT" /> <!-- To install updates - Threema Shop version only -->
48-->src/main/AndroidManifest.xml:56:2-77
48-->src/main/AndroidManifest.xml:56:19-75
49    <uses-permission android:name="android.permission.REQUEST_INSTALL_PACKAGES" /> <!-- Access to address book -->
49-->src/main/AndroidManifest.xml:59:2-79
49-->src/main/AndroidManifest.xml:59:19-77
50    <uses-permission android:name="android.permission.MANAGE_ACCOUNTS" />
50-->src/main/AndroidManifest.xml:62:2-70
50-->src/main/AndroidManifest.xml:62:19-68
51    <uses-permission android:name="android.permission.AUTHENTICATE_ACCOUNTS" /> <!-- Access to audio settings and bluetooth for voice calls -->
51-->src/main/AndroidManifest.xml:63:2-76
51-->src/main/AndroidManifest.xml:63:19-74
52    <uses-permission android:name="android.permission.MODIFY_AUDIO_SETTINGS" />
52-->src/main/AndroidManifest.xml:66:2-76
52-->src/main/AndroidManifest.xml:66:19-74
53    <uses-permission android:name="android.permission.BLUETOOTH" /> <!-- Permissions for biometric unlocking -->
53-->src/main/AndroidManifest.xml:67:2-64
53-->src/main/AndroidManifest.xml:67:19-62
54    <uses-permission android:name="android.permission.USE_BIOMETRIC" />
54-->src/main/AndroidManifest.xml:70:2-68
54-->src/main/AndroidManifest.xml:70:19-66
55    <uses-permission android:name="android.permission.USE_FINGERPRINT" /> <!-- licence stuff -->
55-->src/main/AndroidManifest.xml:71:2-70
55-->src/main/AndroidManifest.xml:71:19-68
56    <uses-permission android:name="com.android.vending.CHECK_LICENSE" /> <!-- launcher shortcuts -->
56-->src/main/AndroidManifest.xml:74:2-69
56-->src/main/AndroidManifest.xml:74:19-67
57    <uses-permission android:name="com.android.launcher.permission.INSTALL_SHORTCUT" /> <!-- for huawei launcher badges -->
57-->src/main/AndroidManifest.xml:77:2-84
57-->src/main/AndroidManifest.xml:77:19-82
58    <uses-permission android:name="com.huawei.android.launcher.permission.CHANGE_BADGE" />
58-->src/main/AndroidManifest.xml:80:2-87
58-->src/main/AndroidManifest.xml:80:19-85
59    <uses-permission android:name="com.huawei.android.launcher.permission.READ_SETTINGS" />
59-->src/main/AndroidManifest.xml:81:2-88
59-->src/main/AndroidManifest.xml:81:19-86
60    <uses-permission android:name="com.huawei.android.launcher.permission.WRITE_SETTINGS" /> <!-- sony launcher badges -->
60-->src/main/AndroidManifest.xml:82:2-89
60-->src/main/AndroidManifest.xml:82:19-87
61    <uses-permission android:name="com.sonymobile.home.permission.PROVIDER_INSERT_BADGE" />
61-->src/main/AndroidManifest.xml:85:2-88
61-->src/main/AndroidManifest.xml:85:19-86
62    <uses-permission android:name="android.permission.BLUETOOTH_ADMIN" />
62-->src/main/AndroidManifest.xml:87:2-70
62-->src/main/AndroidManifest.xml:87:19-68
63    <uses-permission android:name="android.permission.ACCESS_WIFI_STATE" /> <!-- only for fastlane test -->
63-->src/main/AndroidManifest.xml:88:2-72
63-->src/main/AndroidManifest.xml:88:19-70
64    <!-- TODO -->
65    <!-- <uses-permission android:name="android.permission.CHANGE_CONFIGURATION"/> -->
66    <uses-feature
66-->src/main/AndroidManifest.xml:94:2-96:29
67        android:name="android.hardware.location"
67-->src/main/AndroidManifest.xml:95:3-43
68        android:required="false" />
68-->src/main/AndroidManifest.xml:96:3-27
69    <uses-feature
69-->src/main/AndroidManifest.xml:97:2-99:29
70        android:name="android.hardware.location.gps"
70-->src/main/AndroidManifest.xml:98:3-47
71        android:required="false" />
71-->src/main/AndroidManifest.xml:99:3-27
72    <uses-feature
72-->src/main/AndroidManifest.xml:100:2-102:29
73        android:name="android.hardware.location.network"
73-->src/main/AndroidManifest.xml:101:3-51
74        android:required="false" />
74-->src/main/AndroidManifest.xml:102:3-27
75    <uses-feature
75-->src/main/AndroidManifest.xml:103:2-105:29
76        android:name="android.hardware.touchscreen"
76-->src/main/AndroidManifest.xml:104:3-46
77        android:required="false" />
77-->src/main/AndroidManifest.xml:105:3-27
78    <uses-feature
78-->src/main/AndroidManifest.xml:106:2-108:29
79        android:name="android.hardware.telephony"
79-->src/main/AndroidManifest.xml:107:3-44
80        android:required="false" />
80-->src/main/AndroidManifest.xml:108:3-27
81    <uses-feature
81-->src/main/AndroidManifest.xml:109:2-111:29
82        android:name="android.hardware.microphone"
82-->src/main/AndroidManifest.xml:110:3-45
83        android:required="false" />
83-->src/main/AndroidManifest.xml:111:3-27
84    <uses-feature
84-->src/main/AndroidManifest.xml:112:2-114:29
85        android:name="android.hardware.screen.portrait"
85-->src/main/AndroidManifest.xml:113:3-50
86        android:required="false" />
86-->src/main/AndroidManifest.xml:114:3-27
87    <uses-feature
87-->src/main/AndroidManifest.xml:115:2-117:29
88        android:name="android.hardware.bluetooth"
88-->src/main/AndroidManifest.xml:116:3-44
89        android:required="false" />
89-->src/main/AndroidManifest.xml:117:3-27
90    <uses-feature
90-->src/main/AndroidManifest.xml:118:2-120:29
91        android:name="android.hardware.camera"
91-->src/main/AndroidManifest.xml:119:3-41
92        android:required="false" />
92-->src/main/AndroidManifest.xml:120:3-27
93    <uses-feature
93-->src/main/AndroidManifest.xml:121:2-123:29
94        android:name="android.hardware.camera.any"
94-->src/main/AndroidManifest.xml:122:3-45
95        android:required="false" />
95-->src/main/AndroidManifest.xml:123:3-27
96
97    <permission
97-->[com.huawei.hms:push:5.0.4.302] AndroidManifest.xml:9:5-11:55
98        android:name="ch.threema.app.hms.permission.PROCESS_PUSH_MSG"
98-->[com.huawei.hms:push:5.0.4.302] AndroidManifest.xml:10:9-68
99        android:protectionLevel="signatureOrSystem" /> <!-- PUSH_PROVIDER and PUSH_WRITE_PROVIDER are both provider registered permissions for the notification switch. -->
99-->[com.huawei.hms:push:5.0.4.302] AndroidManifest.xml:11:9-52
100    <!-- The SDK's notification bar switch, EMUI 9.x becomes write to the local sp, sharing the file through the provider to the push-rom, which reads the sp file to get the status of the notification bar switch. -->
101    <permission
101-->[com.huawei.hms:push:5.0.4.302] AndroidManifest.xml:14:5-16:55
102        android:name="ch.threema.app.hms.permission.PUSH_PROVIDER"
102-->[com.huawei.hms:push:5.0.4.302] AndroidManifest.xml:15:9-65
103        android:protectionLevel="signatureOrSystem" />
103-->[com.huawei.hms:push:5.0.4.302] AndroidManifest.xml:16:9-52
104    <permission
104-->[com.huawei.hms:push:5.0.4.302] AndroidManifest.xml:17:5-19:55
105        android:name="ch.threema.app.hms.permission.PUSH_WRITE_PROVIDER"
105-->[com.huawei.hms:push:5.0.4.302] AndroidManifest.xml:18:9-71
106        android:protectionLevel="signatureOrSystem" />
106-->[com.huawei.hms:push:5.0.4.302] AndroidManifest.xml:19:9-52
107
108    <uses-permission android:name="ch.threema.app.hms.permission.PROCESS_PUSH_MSG" />
108-->[com.huawei.hms:push:5.0.4.302] AndroidManifest.xml:21:5-84
108-->[com.huawei.hms:push:5.0.4.302] AndroidManifest.xml:21:22-81
109    <uses-permission android:name="ch.threema.app.hms.permission.PUSH_PROVIDER" />
109-->[com.huawei.hms:push:5.0.4.302] AndroidManifest.xml:22:5-81
109-->[com.huawei.hms:push:5.0.4.302] AndroidManifest.xml:22:22-78
110
111    <uses-feature
111-->[com.mapbox.mapboxsdk:mapbox-android-sdk:9.2.1] AndroidManifest.xml:12:5-14:36
112        android:name="android.hardware.wifi"
112-->[com.mapbox.mapboxsdk:mapbox-android-sdk:9.2.1] AndroidManifest.xml:13:9-45
113        android:required="false" /> <!-- 应用市场9.0版本必须使用该权限获取用户的服务地 -->
113-->[com.mapbox.mapboxsdk:mapbox-android-sdk:9.2.1] AndroidManifest.xml:14:9-33
114    <uses-permission android:name="com.huawei.appmarket.service.commondata.permission.GET_COMMON_DATA" />
114-->[com.huawei.hms:availableupdate:5.0.4.301] AndroidManifest.xml:18:5-106
114-->[com.huawei.hms:availableupdate:5.0.4.301] AndroidManifest.xml:18:22-103
115
116    <application
116-->src/main/AndroidManifest.xml:128:2-926:16
117        android:name="ch.threema.app.ThreemaApplication"
117-->src/main/AndroidManifest.xml:129:3-37
118        android:allowAudioPlaybackCapture="false"
118-->src/main/AndroidManifest.xml:143:3-44
119        android:allowBackup="false"
119-->src/main/AndroidManifest.xml:130:3-30
120        android:appCategory="social"
120-->src/main/AndroidManifest.xml:144:3-31
121        android:appComponentFactory="androidx.core.app.CoreComponentFactory"
121-->[androidx.core:core:1.5.0] AndroidManifest.xml:24:18-86
122        android:debuggable="true"
123        android:extractNativeLibs="true"
123-->src/main/AndroidManifest.xml:131:3-35
124        android:hardwareAccelerated="true"
124-->src/main/AndroidManifest.xml:132:3-37
125        android:hasFragileUserData="true"
125-->src/main/AndroidManifest.xml:145:3-36
126        android:icon="@mipmap/ic_launcher"
126-->src/main/AndroidManifest.xml:133:3-37
127        android:label="@string/app_name"
127-->src/main/AndroidManifest.xml:135:3-35
128        android:largeHeap="true"
128-->src/main/AndroidManifest.xml:136:3-27
129        android:manageSpaceActivity=".activities.StorageManagementActivity"
129-->src/main/AndroidManifest.xml:142:3-70
130        android:networkSecurityConfig="@xml/network_security_config"
130-->src/main/AndroidManifest.xml:141:3-63
131        android:resizeableActivity="true"
131-->src/main/AndroidManifest.xml:137:3-36
132        android:roundIcon="@mipmap/ic_launcher"
132-->src/main/AndroidManifest.xml:134:3-42
133        android:supportsRtl="false"
133-->src/main/AndroidManifest.xml:138:3-30
134        android:testOnly="true"
135        android:theme="@style/AppBaseTheme"
135-->src/main/AndroidManifest.xml:139:3-38
136        android:usesCleartextTraffic="false" >
136-->src/main/AndroidManifest.xml:140:3-39
137        <activity
137-->src/hms/AndroidManifest.xml:10:3-12:54
138            android:name="com.DrmSDK.DrmDialogActivity"
138-->src/hms/AndroidManifest.xml:11:4-47
139            android:theme="@style/Theme.Threema.WithToolbar" />
139-->src/hms/AndroidManifest.xml:12:4-52
140
141        <service
141-->src/hms/AndroidManifest.xml:14:3-20:13
142            android:name="ch.threema.app.push.PushService"
142-->src/hms/AndroidManifest.xml:15:4-50
143            android:exported="false" >
143-->src/hms/AndroidManifest.xml:16:4-28
144            <intent-filter>
144-->src/hms/AndroidManifest.xml:17:4-19:20
145                <action android:name="com.huawei.push.action.MESSAGING_EVENT" />
145-->src/hms/AndroidManifest.xml:18:5-69
145-->src/hms/AndroidManifest.xml:18:13-66
146            </intent-filter>
147        </service>
148
149        <!--
150         Note: The "replace" entry above should be kept to ensure that a library cannot accidentally
151		override rtl or backup support. Unfortunately the linter warning cannot be silenced.
152        -->
153        <meta-data
153-->src/main/AndroidManifest.xml:149:3-151:25
154            android:name="android.max_aspect"
154-->src/main/AndroidManifest.xml:150:4-37
155            android:value="2.5" />
155-->src/main/AndroidManifest.xml:151:4-23
156        <meta-data
156-->src/main/AndroidManifest.xml:152:3-154:38
157            android:name="android.provider.CONTACTS_STRUCTURE"
157-->src/main/AndroidManifest.xml:153:4-54
158            android:resource="@xml/contacts" />
158-->src/main/AndroidManifest.xml:154:4-36
159
160        <activity
160-->src/main/AndroidManifest.xml:156:3-173:14
161            android:name="ch.threema.app.activities.MainActivity"
161-->src/main/AndroidManifest.xml:157:4-43
162            android:configChanges="uiMode"
162-->src/main/AndroidManifest.xml:161:4-34
163            android:label="@string/app_name"
163-->src/main/AndroidManifest.xml:158:4-36
164            android:launchMode="singleTop"
164-->src/main/AndroidManifest.xml:159:4-34
165            android:theme="@style/SplashTheme" >
165-->src/main/AndroidManifest.xml:160:4-38
166            <intent-filter>
166-->src/main/AndroidManifest.xml:162:4-168:20
167                <action android:name="android.intent.action.MAIN" />
167-->src/main/AndroidManifest.xml:163:5-56
167-->src/main/AndroidManifest.xml:163:13-54
168
169                <category android:name="android.intent.category.LAUNCHER" />
169-->src/main/AndroidManifest.xml:165:5-64
169-->src/main/AndroidManifest.xml:165:15-62
170                <!-- samsung multiwindow -->
171                <category android:name="android.intent.category.MULTIWINDOW_LAUNCHER" />
171-->src/main/AndroidManifest.xml:167:5-76
171-->src/main/AndroidManifest.xml:167:15-74
172            </intent-filter>
173
174            <meta-data
174-->src/main/AndroidManifest.xml:170:4-172:44
175                android:name="android.app.shortcuts"
175-->src/main/AndroidManifest.xml:171:5-41
176                android:resource="@xml/app_shortcuts" />
176-->src/main/AndroidManifest.xml:172:5-42
177        </activity>
178        <activity
178-->src/main/AndroidManifest.xml:174:3-179:14
179            android:name="ch.threema.app.activities.HomeActivity"
179-->src/main/AndroidManifest.xml:175:4-43
180            android:configChanges="uiMode"
180-->src/main/AndroidManifest.xml:178:4-34
181            android:launchMode="singleTask"
181-->src/main/AndroidManifest.xml:176:4-35
182            android:theme="@style/Theme.Threema.WithToolbar" >
182-->src/main/AndroidManifest.xml:177:4-52
183        </activity>
184        <activity
184-->src/main/AndroidManifest.xml:180:3-195:14
185            android:name="ch.threema.app.activities.ComposeMessageActivity"
185-->src/main/AndroidManifest.xml:181:4-53
186            android:configChanges="touchscreen|keyboard|keyboardHidden|orientation|screenLayout|screenSize|uiMode"
186-->src/main/AndroidManifest.xml:185:4-106
187            android:launchMode="singleTop"
187-->src/main/AndroidManifest.xml:182:4-34
188            android:parentActivityName="ch.threema.app.activities.HomeActivity"
188-->src/main/AndroidManifest.xml:183:4-57
189            android:theme="@style/Theme.Threema.WithToolbar"
189-->src/main/AndroidManifest.xml:184:4-52
190            android:windowSoftInputMode="stateUnchanged" >
190-->src/main/AndroidManifest.xml:186:4-48
191            <intent-filter android:label="@string/threema_contact" >
191-->src/main/AndroidManifest.xml:187:4-194:20
191-->src/main/AndroidManifest.xml:187:19-58
192                <action android:name="android.intent.action.VIEW" />
192-->src/main/AndroidManifest.xml:189:5-56
192-->src/main/AndroidManifest.xml:189:13-54
193
194                <category android:name="android.intent.category.DEFAULT" />
194-->src/main/AndroidManifest.xml:191:5-63
194-->src/main/AndroidManifest.xml:191:15-61
195
196                <data android:mimeType="@string/contacts_mime_type" />
197            </intent-filter>
198        </activity>
199        <activity
199-->src/main/AndroidManifest.xml:196:3-243:14
200            android:name="ch.threema.app.activities.RecipientListActivity"
200-->src/main/AndroidManifest.xml:197:4-52
201            android:configChanges="uiMode"
201-->src/main/AndroidManifest.xml:203:4-34
202            android:excludeFromRecents="true"
202-->src/main/AndroidManifest.xml:199:4-37
203            android:label="@string/app_name"
203-->src/main/AndroidManifest.xml:198:4-36
204            android:launchMode="singleTask"
204-->src/main/AndroidManifest.xml:201:4-35
205            android:taskAffinity=""
205-->src/main/AndroidManifest.xml:200:4-27
206            android:theme="@style/Theme.Threema.WithToolbar" >
206-->src/main/AndroidManifest.xml:202:4-52
207            <intent-filter android:label="@string/app_name" >
207-->src/main/AndroidManifest.xml:204:4-213:20
207-->src/main/AndroidManifest.xml:204:19-51
208                <action android:name="android.intent.action.SEND" />
208-->src/main/AndroidManifest.xml:205:5-56
208-->src/main/AndroidManifest.xml:205:13-54
209
210                <category android:name="android.intent.category.DEFAULT" />
210-->src/main/AndroidManifest.xml:191:5-63
210-->src/main/AndroidManifest.xml:191:15-61
211
212                <data android:mimeType="text/plain" />
213                <data android:mimeType="image/*" />
214                <data android:mimeType="video/*" />
215                <data android:mimeType="audio/*" />
216                <data android:mimeType="application/*" />
217                <data android:mimeType="*/*" />
218            </intent-filter>
219            <intent-filter android:label="@string/app_name" >
219-->src/main/AndroidManifest.xml:214:4-218:20
219-->src/main/AndroidManifest.xml:214:19-51
220                <action android:name="android.intent.action.SEND_MULTIPLE" />
220-->src/main/AndroidManifest.xml:215:5-65
220-->src/main/AndroidManifest.xml:215:13-63
221
222                <category android:name="android.intent.category.DEFAULT" />
222-->src/main/AndroidManifest.xml:191:5-63
222-->src/main/AndroidManifest.xml:191:15-61
223
224                <data android:mimeType="*/*" />
225            </intent-filter>
226            <intent-filter android:label="@string/app_name" >
226-->src/main/AndroidManifest.xml:219:4-229:20
226-->src/main/AndroidManifest.xml:219:19-51
227                <action android:name="android.intent.action.VIEW" />
227-->src/main/AndroidManifest.xml:189:5-56
227-->src/main/AndroidManifest.xml:189:13-54
228                <action android:name="android.intent.action.SENDTO" />
228-->src/main/AndroidManifest.xml:221:5-58
228-->src/main/AndroidManifest.xml:221:13-56
229
230                <category android:name="android.intent.category.DEFAULT" />
230-->src/main/AndroidManifest.xml:191:5-63
230-->src/main/AndroidManifest.xml:191:15-61
231                <category android:name="android.intent.category.BROWSABLE" />
231-->src/main/AndroidManifest.xml:223:5-65
231-->src/main/AndroidManifest.xml:223:15-63
232
233                <data android:scheme="sms" />
234                <data android:scheme="smsto" />
235                <data
236                    android:host="compose"
237                    android:scheme="threema" />
238            </intent-filter>
239            <intent-filter android:label="@string/app_name" >
239-->src/main/AndroidManifest.xml:230:4-239:20
239-->src/main/AndroidManifest.xml:230:19-51
240                <action android:name="android.intent.action.VIEW" />
240-->src/main/AndroidManifest.xml:189:5-56
240-->src/main/AndroidManifest.xml:189:13-54
241                <action android:name="android.intent.action.SENDTO" />
241-->src/main/AndroidManifest.xml:221:5-58
241-->src/main/AndroidManifest.xml:221:13-56
242
243                <category android:name="android.intent.category.DEFAULT" />
243-->src/main/AndroidManifest.xml:191:5-63
243-->src/main/AndroidManifest.xml:191:15-61
244                <category android:name="android.intent.category.BROWSABLE" />
244-->src/main/AndroidManifest.xml:223:5-65
244-->src/main/AndroidManifest.xml:223:15-63
245
246                <data
247                    android:host="go.threema.ch"
248                    android:pathPrefix="/compose"
249                    android:scheme="https" />
250            </intent-filter>
251
252            <meta-data
252-->src/main/AndroidManifest.xml:240:4-242:53
253                android:name="android.service.chooser.chooser_target_service"
253-->src/main/AndroidManifest.xml:241:5-66
254                android:value=".RecipientChooserTargetService" />
254-->src/main/AndroidManifest.xml:242:5-51
255        </activity>
256        <activity
256-->src/main/AndroidManifest.xml:244:3-250:14
257            android:name="ch.threema.app.activities.RecipientListBaseActivity"
257-->src/main/AndroidManifest.xml:245:4-56
258            android:configChanges="uiMode"
258-->src/main/AndroidManifest.xml:248:4-34
259            android:launchMode="singleTop"
259-->src/main/AndroidManifest.xml:246:4-34
260            android:parentActivityName="ch.threema.app.activities.HomeActivity"
260-->src/main/AndroidManifest.xml:247:4-57
261            android:theme="@style/Theme.Threema.WithToolbar" >
261-->src/main/AndroidManifest.xml:249:4-52
262        </activity>
263        <activity
263-->src/main/AndroidManifest.xml:251:3-255:14
264            android:name="ch.threema.app.preference.SettingsActivity"
264-->src/main/AndroidManifest.xml:252:4-47
265            android:configChanges="touchscreen|keyboard|keyboardHidden|orientation|screenLayout|screenSize|uiMode"
265-->src/main/AndroidManifest.xml:253:4-106
266            android:theme="@style/Theme.Threema.Settings" >
266-->src/main/AndroidManifest.xml:254:4-49
267        </activity>
268        <activity
268-->src/main/AndroidManifest.xml:256:3-263:14
269            android:name="ch.threema.app.preference.SettingsNotificationsDummyActivity"
269-->src/main/AndroidManifest.xml:257:4-65
270            android:label="@string/app_name" >
270-->src/main/AndroidManifest.xml:258:4-36
271            <intent-filter>
271-->src/main/AndroidManifest.xml:259:4-262:20
272                <action android:name="android.intent.action.MAIN" />
272-->src/main/AndroidManifest.xml:163:5-56
272-->src/main/AndroidManifest.xml:163:13-54
273
274                <category android:name="android.intent.category.NOTIFICATION_PREFERENCES" />
274-->src/main/AndroidManifest.xml:261:5-80
274-->src/main/AndroidManifest.xml:261:15-78
275            </intent-filter>
276        </activity>
277        <activity android:name="ch.threema.app.preference.SettingsMediaDummyActivity" >
277-->src/main/AndroidManifest.xml:264:3-270:14
277-->src/main/AndroidManifest.xml:265:4-57
278            <intent-filter>
278-->src/main/AndroidManifest.xml:266:4-269:20
279                <action android:name="android.intent.action.MANAGE_NETWORK_USAGE" />
279-->src/main/AndroidManifest.xml:267:5-72
279-->src/main/AndroidManifest.xml:267:13-70
280
281                <category android:name="android.intent.category.DEFAULT" />
281-->src/main/AndroidManifest.xml:191:5-63
281-->src/main/AndroidManifest.xml:191:15-61
282            </intent-filter>
283        </activity>
284        <activity
284-->src/main/AndroidManifest.xml:271:3-274:37
285            android:name="ch.threema.app.activities.ContactDetailActivity"
285-->src/main/AndroidManifest.xml:272:4-52
286            android:configChanges="uiMode"
286-->src/main/AndroidManifest.xml:274:4-34
287            android:theme="@style/Theme.Threema.TransparentStatusbar" />
287-->src/main/AndroidManifest.xml:273:4-61
288        <activity
288-->src/main/AndroidManifest.xml:275:3-278:37
289            android:name="ch.threema.app.activities.AboutActivity"
289-->src/main/AndroidManifest.xml:276:4-44
290            android:configChanges="uiMode"
290-->src/main/AndroidManifest.xml:278:4-34
291            android:theme="@style/Theme.Threema.WithToolbar" />
291-->src/main/AndroidManifest.xml:277:4-52
292        <activity
292-->src/main/AndroidManifest.xml:279:3-305:14
293            android:name="ch.threema.app.activities.AddContactActivity"
293-->src/main/AndroidManifest.xml:280:4-49
294            android:configChanges="touchscreen|keyboard|keyboardHidden|orientation|screenLayout|screenSize|uiMode"
294-->src/main/AndroidManifest.xml:281:4-106
295            android:launchMode="singleTask"
295-->src/main/AndroidManifest.xml:282:4-35
296            android:theme="@style/Theme.Threema.Translucent" >
296-->src/main/AndroidManifest.xml:283:4-52
297            <intent-filter android:label="@string/app_name" >
297-->src/main/AndroidManifest.xml:284:4-293:20
297-->src/main/AndroidManifest.xml:284:19-51
298                <action android:name="android.intent.action.VIEW" />
298-->src/main/AndroidManifest.xml:189:5-56
298-->src/main/AndroidManifest.xml:189:13-54
299
300                <category android:name="android.intent.category.DEFAULT" />
300-->src/main/AndroidManifest.xml:191:5-63
300-->src/main/AndroidManifest.xml:191:15-61
301                <category android:name="android.intent.category.BROWSABLE" />
301-->src/main/AndroidManifest.xml:223:5-65
301-->src/main/AndroidManifest.xml:223:15-63
302
303                <data
304                    android:host="add"
305                    android:scheme="threema" />
306            </intent-filter>
307            <intent-filter android:label="@string/app_name" >
307-->src/main/AndroidManifest.xml:294:4-304:20
307-->src/main/AndroidManifest.xml:294:19-51
308                <action android:name="android.intent.action.VIEW" />
308-->src/main/AndroidManifest.xml:189:5-56
308-->src/main/AndroidManifest.xml:189:13-54
309
310                <category android:name="android.intent.category.DEFAULT" />
310-->src/main/AndroidManifest.xml:191:5-63
310-->src/main/AndroidManifest.xml:191:15-61
311                <category android:name="android.intent.category.BROWSABLE" />
311-->src/main/AndroidManifest.xml:223:5-65